-------------------------------------------------------------------------------
Test set: org.example.subtractTest
-------------------------------------------------------------------------------
Tests run: 1, Failures: 1, Errors: 0, Skipped: 0, Time elapsed: 0.001 s <<< FAILURE! - in org.example.subtractTest
testSubtract  Time elapsed: 0.001 s  <<< FAILURE!
org.opentest4j.AssertionFailedError: expected: <12> but was: <160>
	at org.example.subtractTest.testSubtract(subtractTest.java:11)

